<?xml version="1.0" encoding="UTF-8"?>
<testng-results ignored="0" total="3" passed="3" failed="0" skipped="0">
  <reporter-output>
  </reporter-output>
  <suite started-at="2023-02-18T15:37:25 IST" name="First" finished-at="2023-02-18T15:39:18 IST" duration-ms="113461">
    <groups>
    </groups>
    <test started-at="2023-02-18T15:37:25 IST" name="FirstTest-2" finished-at="2023-02-18T15:38:37 IST" duration-ms="72768">
      <class name="com.browserstack.FirstTest">
        <test-method is-config="true" signature="setUp()[pri:0, instance:com.browserstack.FirstTest@66e8997c]" started-at="2023-02-18T15:37:25 IST" name="setUp" finished-at="2023-02-18T15:38:25 IST" duration-ms="60164" status="PASS">
          <reporter-output>
          </reporter-output>
        </test-method> <!-- setUp -->
        <test-method signature="test()[pri:0, instance:com.browserstack.FirstTest@66e8997c]" started-at="2023-02-18T15:38:25 IST" name="test" finished-at="2023-02-18T15:38:35 IST" duration-ms="10359" status="PASS">
          <reporter-output>
          </reporter-output>
        </test-method> <!-- test -->
        <test-method is-config="true" signature="tearDown()[pri:0, instance:com.browserstack.FirstTest@66e8997c]" started-at="2023-02-18T15:38:35 IST" name="tearDown" finished-at="2023-02-18T15:38:37 IST" duration-ms="2163" status="PASS">
          <reporter-output>
          </reporter-output>
        </test-method> <!-- tearDown -->
      </class> <!-- com.browserstack.FirstTest -->
    </test> <!-- FirstTest-2 -->
    <test started-at="2023-02-18T15:37:25 IST" name="FirstTest-1" finished-at="2023-02-18T15:38:39 IST" duration-ms="74197">
      <class name="com.browserstack.FirstTest">
        <test-method is-config="true" signature="setUp()[pri:0, instance:com.browserstack.FirstTest@2c708440]" started-at="2023-02-18T15:37:25 IST" name="setUp" finished-at="2023-02-18T15:38:28 IST" duration-ms="63007" status="PASS">
          <reporter-output>
          </reporter-output>
        </test-method> <!-- setUp -->
        <test-method signature="test()[pri:0, instance:com.browserstack.FirstTest@2c708440]" started-at="2023-02-18T15:38:28 IST" name="test" finished-at="2023-02-18T15:38:37 IST" duration-ms="9033" status="PASS">
          <reporter-output>
          </reporter-output>
        </test-method> <!-- test -->
        <test-method is-config="true" signature="tearDown()[pri:0, instance:com.browserstack.FirstTest@2c708440]" started-at="2023-02-18T15:38:37 IST" name="tearDown" finished-at="2023-02-18T15:38:39 IST" duration-ms="2081" status="PASS">
          <reporter-output>
          </reporter-output>
        </test-method> <!-- tearDown -->
      </class> <!-- com.browserstack.FirstTest -->
    </test> <!-- FirstTest-1 -->
    <test started-at="2023-02-18T15:37:25 IST" name="FirstTest-0" finished-at="2023-02-18T15:39:18 IST" duration-ms="113461">
      <class name="com.browserstack.FirstTest">
        <test-method is-config="true" signature="setUp()[pri:0, instance:com.browserstack.FirstTest@59546cfe]" started-at="2023-02-18T15:37:25 IST" name="setUp" finished-at="2023-02-18T15:39:08 IST" duration-ms="103286" status="PASS">
          <reporter-output>
          </reporter-output>
        </test-method> <!-- setUp -->
        <test-method signature="test()[pri:0, instance:com.browserstack.FirstTest@59546cfe]" started-at="2023-02-18T15:39:08 IST" name="test" finished-at="2023-02-18T15:39:16 IST" duration-ms="7917" status="PASS">
          <reporter-output>
          </reporter-output>
        </test-method> <!-- test -->
        <test-method is-config="true" signature="tearDown()[pri:0, instance:com.browserstack.FirstTest@59546cfe]" started-at="2023-02-18T15:39:16 IST" name="tearDown" finished-at="2023-02-18T15:39:18 IST" duration-ms="2170" status="PASS">
          <reporter-output>
          </reporter-output>
        </test-method> <!-- tearDown -->
      </class> <!-- com.browserstack.FirstTest -->
    </test> <!-- FirstTest-0 -->
  </suite> <!-- First -->
</testng-results>
